''	2013-02-15 03:26:35
'Add diary post begin.'	2013-02-15 03:28:01
'Add diary post begin.'	2013-02-15 03:29:26
''	2013-02-15 03:44:37
'Add diary post begin.'	2013-02-15 03:44:45
''	2013-02-15 03:45:45
''	2013-02-15 04:16:06
{ comment_date: Wed Mar 06 2013 20:08:25 GMT+0800 (中国标准时间),
  diary_id: 'd341009400091031HK0R5RgZ',
  contact: '',
  content: '(kb)',
  _id: 'm3410094215867371xZ6qtxt',
  commenter: 'vagasnail@gmail.com',
  cu_name: '' }	2013-02-null	2013-02-15 04:26:15
null	2013-02-15 04:26:26
''	2013-02-16 00:43:43
''	2013-02-16 18:04:13
'uploadpic'	2013-02-16 18:12:02
'uploadpic'	2013-02-16 18:16:56
{ Filedata: 
   { domain: null,
     _writeStream: 
      { domain: null,
        bytesWritten: 32155,
        fd: 3,
        encoding: 'binary',
        busy: false,
        flags: 'w',
        _events: null,
        drainable: true,
        path: 'upload\\3eea97e91e4e304eeed8c7b8d6733c94',
        mode: 438,
        writable: false,
        _maxListeners: 10,
        _queue: [ [length]: 0 ],
        _open: 
         { [Function]
           [caller]: null,
           [name]: '',
           [prototype]: { [constructor]: [Circular] },
           [length]: 4,
           [arguments]: null } },
     type: 'application/octet-stream',
     name: '加班表.jpg',
     lastModifiedDate: Fri Mar 08 2013 10:17:24 GMT+0800 (中国标准时间),
     _events: null,
     mime: [Getter],
     path: 'upload\\3eea97e91e4e304eeed8c7b8d6733c94',
     filename: [Getter],
     hash: false,
     _maxListeners: 10,
     length: [Getter],
     size: 32155 } }	20undefined	2013-02-16 18:19:09
{ name: 'xxx.PNG',
  _maxListeners: 10,
  path: 'upload\\7d0f970c30347b5844a9603b63d5f1c7',
  domain: null,
  lastModifiedDate: Fri Mar 08 2013 10:20:32 GMT+0800 (中国标准时间),
  length: [Getter],
  filename: [Getter],
  _writeStream: 
   { _maxListeners: 10,
     _open: 
      { [Function]
        [name]: '',
        [arguments]: null,
        [length]: 4,
        [prototype]: { [constructor]: [Circular] },
        [caller]: null },
     path: 'upload\\7d0f970c30347b5844a9603b63d5f1c7',
     mode: 438,
     bytesWritten: 16906,
     domain: null,
     _queue: [ [length]: 0 ],
     flags: 'w',
     writable: false,
     busy: false,
     encoding: 'binary',
     drainable: true,
     fd: 3,
     _events: null },
  size: 16906,
  hash: false,
  type: 'application/octet-stream',
  mime: [Getter],
  _events: null }	2013-02-{ domain: null,
  type: 'application/octet-stream',
  path: 'upload\\4454380bcc0ae3da72141415f05411fa',
  mime: [Getter],
  _writeStream: 
   { domain: null,
     path: 'upload\\4454380bcc0ae3da72141415f05411fa',
     drainable: true,
     _open: 
      { [Function]
        [prototype]: { [constructor]: [Circular] },
        [length]: 4,
        [name]: '',
        [arguments]: null,
        [caller]: null },
     fd: 3,
     _maxListeners: 10,
     _queue: [ [length]: 0 ],
     flags: 'w',
     _events: null,
     writable: false,
     bytesWritten: 32155,
     encoding: 'binary',
     busy: false,
     mode: 438 },
  lastModifiedDate: Fri Mar 08 2013 10:28:03 GMT+0800 (中国标准时间),
  filename: [Getter],
  _maxListeners: 10,
  hash: false,
  _events: null,
  length: [Getter],
  name: '加班表.jpg',
  size: 32155 }	20{ domain: null,
  type: 'application/octet-stream',
  path: 'upload\\e8abc13817dce448d357b3ee4bf84e4f',
  mime: [Getter],
  _writeStream: 
   { domain: null,
     path: 'upload\\e8abc13817dce448d357b3ee4bf84e4f',
     drainable: true,
     _open: 
      { [Function]
        [prototype]: { [constructor]: [Circular] },
        [length]: 4,
        [name]: '',
        [arguments]: null,
        [caller]: null },
     fd: 3,
     _maxListeners: 10,
     _queue: [ [length]: 0 ],
     flags: 'w',
     _events: null,
     writable: false,
     bytesWritten: 32155,
     encoding: 'binary',
     busy: false,
     mode: 438 },
  lastModifiedDate: Fri Mar 08 2013 10:29:17 GMT+0800 (中国标准时间),
  filename: [Getter],
  _maxListeners: 10,
  hash: false,
  _events: null,
  length: [Getter],
  name: '加班表.jpg',
  size: 32155 }	20{ name: '加班表.jpg',
  size: 32155,
  type: 'application/octet-stream',
  _writeStream: 
   { mode: 438,
     bytesWritten: 32155,
     _queue: [ [length]: 0 ],
     flags: 'w',
     _open: 
      { [Function]
        [name]: '',
        [arguments]: null,
        [prototype]: { [constructor]: [Circular] },
        [length]: 4,
        [caller]: null },
     domain: null,
     busy: false,
     encoding: 'binary',
     drainable: true,
     path: 'upload\\d07036b64d65621d66741a004d7bad89',
     _events: null,
     writable: false,
     _maxListeners: 10,
     fd: 3 },
  filename: [Getter],
  hash: false,
  domain: null,
  mime: [Getter],
  lastModifiedDate: Fri Mar 08 2013 10:29:47 GMT+0800 (中国标准时间),
  path: 'upload\\d07036b64d65621d66741a004d7bad89',
  _events: null,
  length: [Getter],
  _maxListeners: 10 }	20{ name: '加班表.jpg',
  size: 32155,
  type: 'application/octet-stream',
  _writeStream: 
   { mode: 438,
     bytesWritten: 32155,
     _queue: [ [length]: 0 ],
     flags: 'w',
     _open: 
      { [Function]
        [name]: '',
        [arguments]: null,
        [prototype]: { [constructor]: [Circular] },
        [length]: 4,
        [caller]: null },
     domain: null,
     busy: false,
     encoding: 'binary',
     drainable: true,
     path: 'upload\\708ef5c86d9f1d764ec59ed9fd4ef337',
     _events: null,
     writable: false,
     _maxListeners: 10,
     fd: 3 },
  filename: [Getter],
  hash: false,
  domain: null,
  mime: [Getter],
  lastModifiedDate: Fri Mar 08 2013 10:30:23 GMT+0800 (中国标准时间),
  path: 'upload\\708ef5c86d9f1d764ec59ed9fd4ef337',
  _events: null,
  length: [Getter],
  _maxListeners: 10 }	20{ name: '加班表.jpg',
  size: 32155,
  type: 'application/octet-stream',
  _writeStream: 
   { mode: 438,
     bytesWritten: 32155,
     _queue: [ [length]: 0 ],
     flags: 'w',
     _open: 
      { [Function]
        [name]: '',
        [arguments]: null,
        [prototype]: { [constructor]: [Circular] },
        [length]: 4,
        [caller]: null },
     domain: null,
     busy: false,
     encoding: 'binary',
     drainable: true,
     path: 'upload\\8e802878ef3ea99fc89f58284e005dc6',
     _events: null,
     writable: false,
     _maxListeners: 10,
     fd: 3 },
  filename: [Getter],
  hash: false,
  domain: null,
  mime: [Getter],
  lastModifiedDate: Fri Mar 08 2013 10:30:52 GMT+0800 (中国标准时间),
  path: 'upload\\8e802878ef3ea99fc89f58284e005dc6',
  _events: null,
  length: [Getter],
  _maxListeners: 10 }	20{ name: '460 (11).jpg',
  size: 35072,
  type: 'application/octet-stream',
  _writeStream: 
   { mode: 438,
     bytesWritten: 35072,
     _queue: [ [length]: 0 ],
     flags: 'w',
     _open: 
      { [Function]
        [name]: '',
        [arguments]: null,
        [prototype]: { [constructor]: [Circular] },
        [length]: 4,
        [caller]: null },
     domain: null,
     busy: false,
     encoding: 'binary',
     drainable: true,
     path: 'upload\\11446a8f78e2f308ddbda6a82ec1eefc',
     _events: null,
     writable: false,
     _maxListeners: 10,
     fd: 3 },
  filename: [Getter],
  hash: false,
  domain: null,
  mime: [Getter],
  lastModifiedDate: Fri Mar 08 2013 10:32:08 GMT+0800 (中国标准时间),
  path: 'upload\\11446a8f78e2f308ddbda6a82ec1eefc',
  _events: null,
  length: [Getter],
  _maxListeners: 10 }	2013-02-{ name: '加班表.jpg',
  size: 32155,
  type: 'application/octet-stream',
  _writeStream: 
   { mode: 438,
     bytesWritten: 32155,
     _queue: [ [length]: 0 ],
     flags: 'w',
     _open: 
      { [Function]
        [name]: '',
        [arguments]: null,
        [prototype]: { [constructor]: [Circular] },
        [length]: 4,
        [caller]: null },
     domain: null,
     busy: false,
     encoding: 'binary',
     drainable: true,
     path: 'upload\\ade548788249da6b6d03996be2a2f992',
     _events: null,
     writable: false,
     _maxListeners: 10,
     fd: 3 },
  filename: [Getter],
  hash: false,
  domain: null,
  mime: [Getter],
  lastModifiedDate: Fri Mar 08 2013 10:33:12 GMT+0800 (中国标准时间),
  path: 'upload\\ade548788249da6b6d03996be2a2f992',
  _events: null,
  length: [Getter],
  _maxListeners: 10 }	20{ name: '加班表.jpg',
  size: 32155,
  type: 'application/octet-stream',
  _writeStream: 
   { mode: 438,
     bytesWritten: 32155,
     _queue: [ [length]: 0 ],
     flags: 'w',
     _open: 
      { [Function]
        [name]: '',
        [arguments]: null,
        [prototype]: { [constructor]: [Circular] },
        [length]: 4,
        [caller]: null },
     domain: null,
     busy: false,
     encoding: 'binary',
     drainable: true,
     path: 'upload\\64ab8545e832f9a515457dc791d9f9dc',
     _events: null,
     writable: false,
     _maxListeners: 10,
     fd: 3 },
  filename: [Getter],
  hash: false,
  domain: null,
  mime: [Getter],
  lastModifiedDate: Fri Mar 08 2013 10:34:00 GMT+0800 (中国标准时间),
  path: 'upload\\64ab8545e832f9a515457dc791d9f9dc',
  _events: null,
  length: [Getter],
  _maxListeners: 10 }	20{ filename: [Getter],
  _writeStream: 
   { mode: 438,
     writable: false,
     flags: 'w',
     domain: null,
     _maxListeners: 10,
     fd: 3,
     _queue: [ [length]: 0 ],
     encoding: 'binary',
     _events: null,
     path: 'upload\\0b7de3c1e6eed96903458b1da98d7eb2',
     busy: false,
     bytesWritten: 32155,
     drainable: true,
     _open: 
      { [Function]
        [arguments]: null,
        [caller]: null,
        [length]: 4,
        [name]: '',
        [prototype]: { [constructor]: [Circular] } } },
  mime: [Getter],
  type: 'application/octet-stream',
  domain: null,
  _maxListeners: 10,
  _events: null,
  length: [Getter],
  size: 32155,
  path: 'upload\\0b7de3c1e6eed96903458b1da98d7eb2',
  lastModifiedDate: Fri Mar 08 2013 10:36:11 GMT+0800 (中国标准时间),
  name: '加班表.jpg',
  hash: false }	20{ filename: [Getter],
  _writeStream: 
   { mode: 438,
     writable: false,
     flags: 'w',
     domain: null,
     _maxListeners: 10,
     fd: 3,
     _queue: [ [length]: 0 ],
     encoding: 'binary',
     _events: null,
     path: 'upload\\b21c90e44524c78ee4836b9779d8500f',
     busy: false,
     bytesWritten: 529,
     drainable: true,
     _open: 
      { [Function]
        [arguments]: null,
        [caller]: null,
        [length]: 4,
        [name]: '',
        [prototype]: { [constructor]: [Circular] } } },
  mime: [Getter],
  type: 'application/octet-stream',
  domain: null,
  _maxListeners: 10,
  _events: null,
  length: [Getter],
  size: 529,
  path: 'upload\\b21c90e44524c78ee4836b9779d8500f',
  lastModifiedDate: Fri Mar 08 2013 10:38:59 GMT+0800 (中国标准时间),
  name: 'dds.sql',
  hash: false }	2013-02-{ filename: [Getter],
  _writeStream: 
   { mode: 438,
     writable: false,
     flags: 'w',
     domain: null,
     _maxListeners: 10,
     fd: 3,
     _queue: [ [length]: 0 ],
     encoding: 'binary',
     _events: null,
     path: 'upload\\e0c9aa418b85a1ceb05e2a6ecc2a6af1',
     busy: false,
     bytesWritten: 8769,
     drainable: true,
     _open: 
      { [Function]
        [arguments]: null,
        [caller]: null,
        [length]: 4,
        [name]: '',
        [prototype]: { [constructor]: [Circular] } } },
  mime: [Getter],
  type: 'application/octet-stream',
  domain: null,
  _maxListeners: 10,
  _events: null,
  length: [Getter],
  size: 8769,
  path: 'upload\\e0c9aa418b85a1ceb05e2a6ecc2a6af1',
  lastModifiedDate: Fri Mar 08 2013 10:39:16 GMT+0800 (中国标准时间),
  name: 'QQ截图20130109093619.png',
  hash: false }	2013{ filename: [Getter],
  _writeStream: 
   { mode: 438,
     writable: false,
     flags: 'w',
     domain: null,
     _maxListeners: 10,
     fd: 3,
     _queue: [ [length]: 0 ],
     encoding: 'binary',
     _events: null,
     path: 'upload\\b009872230019870d1a42b996fc67484',
     busy: false,
     bytesWritten: 32155,
     drainable: true,
     _open: 
      { [Function]
        [arguments]: null,
        [caller]: null,
        [length]: 4,
        [name]: '',
        [prototype]: { [constructor]: [Circular] } } },
  mime: [Getter],
  type: 'application/octet-stream',
  domain: null,
  _maxListeners: 10,
  _events: null,
  length: [Getter],
  size: 32155,
  path: 'upload\\b009872230019870d1a42b996fc67484',
  lastModifiedDate: Fri Mar 08 2013 10:40:32 GMT+0800 (中国标准时间),
  name: '加班表.jpg',
  hash: false }	20{ filename: [Getter],
  _writeStream: 
   { mode: 438,
     writable: false,
     flags: 'w',
     domain: null,
     _maxListeners: 10,
     fd: 3,
     _queue: [ [length]: 0 ],
     encoding: 'binary',
     _events: null,
     path: 'upload\\65e7ccfdda693022ca6e97a101b28583',
     busy: false,
     bytesWritten: 529,
     drainable: true,
     _open: 
      { [Function]
        [arguments]: null,
        [caller]: null,
        [length]: 4,
        [name]: '',
        [prototype]: { [constructor]: [Circular] } } },
  mime: [Getter],
  type: 'application/octet-stream',
  domain: null,
  _maxListeners: 10,
  _events: null,
  length: [Getter],
  size: 529,
  path: 'upload\\65e7ccfdda693022ca6e97a101b28583',
  lastModifiedDate: Fri Mar 08 2013 10:40:39 GMT+0800 (中国标准时间),
  name: 'dds.sql',
  hash: false }	2013-02-{ filename: [Getter],
  _writeStream: 
   { mode: 438,
     writable: false,
     flags: 'w',
     domain: null,
     _maxListeners: 10,
     fd: 3,
     _queue: [ [length]: 0 ],
     encoding: 'binary',
     _events: null,
     path: 'upload\\50c61c0f0736edfdfa90c9efa316c46d',
     busy: false,
     bytesWritten: 32155,
     drainable: true,
     _open: 
      { [Function]
        [arguments]: null,
        [caller]: null,
        [length]: 4,
        [name]: '',
        [prototype]: { [constructor]: [Circular] } } },
  mime: [Getter],
  type: 'application/octet-stream',
  domain: null,
  _maxListeners: 10,
  _events: null,
  length: [Getter],
  size: 32155,
  path: 'upload\\50c61c0f0736edfdfa90c9efa316c46d',
  lastModifiedDate: Fri Mar 08 2013 10:43:11 GMT+0800 (中国标准时间),
  name: '加班表.jpg',
  hash: false }	20{ filename: [Getter],
  _writeStream: 
   { mode: 438,
     writable: false,
     flags: 'w',
     domain: null,
     _maxListeners: 10,
     fd: 3,
     _queue: [ [length]: 0 ],
     encoding: 'binary',
     _events: null,
     path: 'upload\\7c1ae49cc996bf5de6c2af553f58dcf1',
     busy: false,
     bytesWritten: 2698,
     drainable: true,
     _open: 
      { [Function]
        [arguments]: null,
        [caller]: null,
        [length]: 4,
        [name]: '',
        [prototype]: { [constructor]: [Circular] } } },
  mime: [Getter],
  type: 'application/octet-stream',
  domain: null,
  _maxListeners: 10,
  _events: null,
  length: [Getter],
  size: 2698,
  path: 'upload\\7c1ae49cc996bf5de6c2af553f58dcf1',
  lastModifiedDate: Fri Mar 08 2013 10:43:47 GMT+0800 (中国标准时间),
  name: 'logo.png',
  hash: false }	2013-02-{ filename: [Getter],
  _writeStream: 
   { mode: 438,
     writable: false,
     flags: 'w',
     domain: null,
     _maxListeners: 10,
     fd: 3,
     _queue: [ [length]: 0 ],
     encoding: 'binary',
     _events: null,
     path: 'upload\\2411e499d8a7761f5f0f7369704ee00f',
     busy: false,
     bytesWritten: 32155,
     drainable: true,
     _open: 
      { [Function]
        [arguments]: null,
        [caller]: null,
        [length]: 4,
        [name]: '',
        [prototype]: { [constructor]: [Circular] } } },
  mime: [Getter],
  type: 'application/octet-stream',
  domain: null,
  _maxListeners: 10,
  _events: null,
  length: [Getter],
  size: 32155,
  path: 'upload\\2411e499d8a7761f5f0f7369704ee00f',
  lastModifiedDate: Fri Mar 08 2013 10:44:39 GMT+0800 (中国标准时间),
  name: '加班表.jpg',
  hash: false }	20{ filename: [Getter],
  _writeStream: 
   { mode: 438,
     writable: false,
     flags: 'w',
     domain: null,
     _maxListeners: 10,
     fd: 3,
     _queue: [ [length]: 0 ],
     encoding: 'binary',
     _events: null,
     path: 'upload\\fdf62c730167c2aae0bda891d0fe8c60',
     busy: false,
     bytesWritten: 32155,
     drainable: true,
     _open: 
      { [Function]
        [arguments]: null,
        [caller]: null,
        [length]: 4,
        [name]: '',
        [prototype]: { [constructor]: [Circular] } } },
  mime: [Getter],
  type: 'application/octet-stream',
  domain: null,
  _maxListeners: 10,
  _events: null,
  length: [Getter],
  size: 32155,
  path: 'upload\\fdf62c730167c2aae0bda891d0fe8c60',
  lastModifiedDate: Fri Mar 08 2013 10:45:09 GMT+0800 (中国标准时间),
  name: '加班表.jpg',
  hash: false }	20{ filename: [Getter],
  _writeStream: 
   { mode: 438,
     writable: false,
     flags: 'w',
     domain: null,
     _maxListeners: 10,
     fd: 3,
     _queue: [ [length]: 0 ],
     encoding: 'binary',
     _events: null,
     path: 'upload\\2c46648d8cd3197ea68cd22d25729c1b',
     busy: false,
     bytesWritten: 32155,
     drainable: true,
     _open: 
      { [Function]
        [arguments]: null,
        [caller]: null,
        [length]: 4,
        [name]: '',
        [prototype]: { [constructor]: [Circular] } } },
  mime: [Getter],
  type: 'application/octet-stream',
  domain: null,
  _maxListeners: 10,
  _events: null,
  length: [Getter],
  size: 32155,
  path: 'upload\\2c46648d8cd3197ea68cd22d25729c1b',
  lastModifiedDate: Fri Mar 08 2013 11:06:31 GMT+0800 (中国标准时间),
  name: '加班表.jpg',
  hash: false }	20{ filename: [Getter],
  _writeStream: 
   { mode: 438,
     writable: false,
     flags: 'w',
     domain: null,
     _maxListeners: 10,
     fd: 3,
     _queue: [ [length]: 0 ],
     encoding: 'binary',
     _events: null,
     path: 'upload\\9628ee749f06ba80d5f713bd66bcc212',
     busy: false,
     bytesWritten: 32155,
     drainable: true,
     _open: 
      { [Function]
        [arguments]: null,
        [caller]: null,
        [length]: 4,
        [name]: '',
        [prototype]: { [constructor]: [Circular] } } },
  mime: [Getter],
  type: 'application/octet-stream',
  domain: null,
  _maxListeners: 10,
  _events: null,
  length: [Getter],
  size: 32155,
  path: 'upload\\9628ee749f06ba80d5f713bd66bcc212',
  lastModifiedDate: Fri Mar 08 2013 11:08:07 GMT+0800 (中国标准时间),
  name: '加班表.jpg',
  hash: false }	20{ filename: [Getter],
  _writeStream: 
   { mode: 438,
     writable: false,
     flags: 'w',
     domain: null,
     _maxListeners: 10,
     fd: 3,
     _queue: [ [length]: 0 ],
     encoding: 'binary',
     _events: null,
     path: 'upload\\b9a11885f8d780fb9eedfd84dc8986db',
     busy: false,
     bytesWritten: 35072,
     drainable: true,
     _open: 
      { [Function]
        [arguments]: null,
        [caller]: null,
        [length]: 4,
        [name]: '',
        [prototype]: { [constructor]: [Circular] } } },
  mime: [Getter],
  type: 'application/octet-stream',
  domain: null,
  _maxListeners: 10,
  _events: null,
  length: [Getter],
  size: 35072,
  path: 'upload\\b9a11885f8d780fb9eedfd84dc8986db',
  lastModifiedDate: Fri Mar 08 2013 11:13:32 GMT+0800 (中国标准时间),
  name: '460 (11).jpg',
  hash: false }	2013-02-{ filename: [Getter],
  _writeStream: 
   { mode: 438,
     writable: false,
     flags: 'w',
     domain: null,
     _maxListeners: 10,
     fd: 3,
     _queue: [ [length]: 0 ],
     encoding: 'binary',
     _events: null,
     path: 'upload\\df5e6b7196e0c952ed68ad495a694e39',
     busy: false,
     bytesWritten: 35072,
     drainable: true,
     _open: 
      { [Function]
        [arguments]: null,
        [caller]: null,
        [length]: 4,
        [name]: '',
        [prototype]: { [constructor]: [Circular] } } },
  mime: [Getter],
  type: 'application/octet-stream',
  domain: null,
  _maxListeners: 10,
  _events: null,
  length: [Getter],
  size: 35072,
  path: 'upload\\df5e6b7196e0c952ed68ad495a694e39',
  lastModifiedDate: Fri Mar 08 2013 11:14:05 GMT+0800 (中国标准时间),
  name: '460 (11).jpg',
  hash: false }	2013-02-{ filename: [Getter],
  _writeStream: 
   { mode: 438,
     writable: false,
     flags: 'w',
     domain: null,
     _maxListeners: 10,
     fd: 3,
     _queue: [ [length]: 0 ],
     encoding: 'binary',
     _events: null,
     path: 'upload\\3e6b2933f307d01c34160374f5d365bf',
     busy: false,
     bytesWritten: 35072,
     drainable: true,
     _open: 
      { [Function]
        [arguments]: null,
        [caller]: null,
        [length]: 4,
        [name]: '',
        [prototype]: { [constructor]: [Circular] } } },
  mime: [Getter],
  type: 'application/octet-stream',
  domain: null,
  _maxListeners: 10,
  _events: null,
  length: [Getter],
  size: 35072,
  path: 'upload\\3e6b2933f307d01c34160374f5d365bf',
  lastModifiedDate: Fri Mar 08 2013 11:14:49 GMT+0800 (中国标准时间),
  name: '460 (11).jpg',
  hash: false }	2013-02-{ filename: [Getter],
  _writeStream: 
   { mode: 438,
     writable: false,
     flags: 'w',
     domain: null,
     _maxListeners: 10,
     fd: 3,
     _queue: [ [length]: 0 ],
     encoding: 'binary',
     _events: null,
     path: 'upload\\5c266633dc3c677d72e0b7872b8d727d',
     busy: false,
     bytesWritten: 32155,
     drainable: true,
     _open: 
      { [Function]
        [arguments]: null,
        [caller]: null,
        [length]: 4,
        [name]: '',
        [prototype]: { [constructor]: [Circular] } } },
  mime: [Getter],
  type: 'application/octet-stream',
  domain: null,
  _maxListeners: 10,
  _events: null,
  length: [Getter],
  size: 32155,
  path: 'upload\\5c266633dc3c677d72e0b7872b8d727d',
  lastModifiedDate: Fri Mar 08 2013 11:18:48 GMT+0800 (中国标准时间),
  name: '加班表.jpg',
  hash: false }	20{ filename: [Getter],
  _writeStream: 
   { mode: 438,
     writable: false,
     flags: 'w',
     domain: null,
     _maxListeners: 10,
     fd: 3,
     _queue: [ [length]: 0 ],
     encoding: 'binary',
     _events: null,
     path: 'upload\\6c3ae13e0f71d960c79e8f76b3edcc26',
     busy: false,
     bytesWritten: 28804,
     drainable: true,
     _open: 
      { [Function]
        [arguments]: null,
        [caller]: null,
        [length]: 4,
        [name]: '',
        [prototype]: { [constructor]: [Circular] } } },
  mime: [Getter],
  type: 'application/octet-stream',
  domain: null,
  _maxListeners: 10,
  _events: null,
  length: [Getter],
  size: 28804,
  path: 'upload\\6c3ae13e0f71d960c79e8f76b3edcc26',
  lastModifiedDate: Fri Mar 08 2013 11:18:59 GMT+0800 (中国标准时间),
  name: 'g340260804428689FxDF4Imx.png',
  hash: false }	2013-02-{ filename: [Getter],
  _writeStream: 
   { mode: 438,
     writable: false,
     flags: 'w',
     domain: null,
     _maxListeners: 10,
     fd: 3,
     _queue: [ [length]: 0 ],
     encoding: 'binary',
     _events: null,
     path: 'upload\\0a7e1eadeefcc49de55713880ab6713e',
     busy: false,
     bytesWritten: 8769,
     drainable: true,
     _open: 
      { [Function]
        [arguments]: null,
        [caller]: null,
        [length]: 4,
        [name]: '',
        [prototype]: { [constructor]: [Circular] } } },
  mime: [Getter],
  type: 'application/octet-stream',
  domain: null,
  _maxListeners: 10,
  _events: null,
  length: [Getter],
  size: 8769,
  path: 'upload\\0a7e1eadeefcc49de55713880ab6713e',
  lastModifiedDate: Fri Mar 08 2013 11:19:11 GMT+0800 (中国标准时间),
  name: 'QQ截图20130109093619.png',
  hash: false }	2013{ filename: [Getter],
  _writeStream: 
   { mode: 438,
     writable: false,
     flags: 'w',
     domain: null,
     _maxListeners: 10,
     fd: 3,
     _queue: [ [length]: 0 ],
     encoding: 'binary',
     _events: null,
     path: 'upload\\f1833382ab5287d29649a362c5e937ab',
     busy: false,
     bytesWritten: 32155,
     drainable: true,
     _open: 
      { [Function]
        [arguments]: null,
        [caller]: null,
        [length]: 4,
        [name]: '',
        [prototype]: { [constructor]: [Circular] } } },
  mime: [Getter],
  type: 'application/octet-stream',
  domain: null,
  _maxListeners: 10,
  _events: null,
  length: [Getter],
  size: 32155,
  path: 'upload\\f1833382ab5287d29649a362c5e937ab',
  lastModifiedDate: Fri Mar 08 2013 11:21:28 GMT+0800 (中国标准时间),
  name: '加班表.jpg',
  hash: false }	20''	2013-02-16 19:22:22
{ filename: [Getter],
  _writeStream: 
   { mode: 438,
     writable: false,
     flags: 'w',
     domain: null,
     _maxListeners: 10,
     fd: 3,
     _queue: [ [length]: 0 ],
     encoding: 'binary',
     _events: null,
     path: 'upload\\564650b6f18a9eb4df006aa0f5d585c0',
     busy: false,
     bytesWritten: 8769,
     drainable: true,
     _open: 
      { [Function]
        [arguments]: null,
        [caller]: null,
        [length]: 4,
        [name]: '',
        [prototype]: { [constructor]: [Circular] } } },
  mime: [Getter],
  type: 'application/octet-stream',
  domain: null,
  _maxListeners: 10,
  _events: null,
  length: [Getter],
  size: 8769,
  path: 'upload\\564650b6f18a9eb4df006aa0f5d585c0',
  lastModifiedDate: Fri Mar 08 2013 11:22:46 GMT+0800 (中国标准时间),
  name: 'QQ截图20130109093619.png',
  hash: false }	2013{ filename: [Getter],
  _writeStream: 
   { mode: 438,
     writable: false,
     flags: 'w',
     domain: null,
     _maxListeners: 10,
     fd: 3,
     _queue: [ [length]: 0 ],
     encoding: 'binary',
     _events: null,
     path: 'upload\\776c718550c1a023737ba74340728ec7',
     busy: false,
     bytesWritten: 32155,
     drainable: true,
     _open: 
      { [Function]
        [arguments]: null,
        [caller]: null,
        [length]: 4,
        [name]: '',
        [prototype]: { [constructor]: [Circular] } } },
  mime: [Getter],
  type: 'application/octet-stream',
  domain: null,
  _maxListeners: 10,
  _events: null,
  length: [Getter],
  size: 32155,
  path: 'upload\\776c718550c1a023737ba74340728ec7',
  lastModifiedDate: Fri Mar 08 2013 11:23:27 GMT+0800 (中国标准时间),
  name: '加班表.jpg',
  hash: false }	20{ filename: [Getter],
  _writeStream: 
   { mode: 438,
     writable: false,
     flags: 'w',
     domain: null,
     _maxListeners: 10,
     fd: 3,
     _queue: [ [length]: 0 ],
     encoding: 'binary',
     _events: null,
     path: 'upload\\6f5d6fba26c30d227f76f11dc5132f1b',
     busy: false,
     bytesWritten: 32155,
     drainable: true,
     _open: 
      { [Function]
        [arguments]: null,
        [caller]: null,
        [length]: 4,
        [name]: '',
        [prototype]: { [constructor]: [Circular] } } },
  mime: [Getter],
  type: 'application/octet-stream',
  domain: null,
  _maxListeners: 10,
  _events: null,
  length: [Getter],
  size: 32155,
  path: 'upload\\6f5d6fba26c30d227f76f11dc5132f1b',
  lastModifiedDate: Fri Mar 08 2013 11:24:04 GMT+0800 (中国标准时间),
  name: '加班表.jpg',
  hash: false }	20{ filename: [Getter],
  _writeStream: 
   { mode: 438,
     writable: false,
     flags: 'w',
     domain: null,
     _maxListeners: 10,
     fd: 3,
     _queue: [ [length]: 0 ],
     encoding: 'binary',
     _events: null,
     path: 'upload\\acccb88b1e8803bbcf1bfde2d0e22aa7',
     busy: false,
     bytesWritten: 32155,
     drainable: true,
     _open: 
      { [Function]
        [arguments]: null,
        [caller]: null,
        [length]: 4,
        [name]: '',
        [prototype]: { [constructor]: [Circular] } } },
  mime: [Getter],
  type: 'application/octet-stream',
  domain: null,
  _maxListeners: 10,
  _events: null,
  length: [Getter],
  size: 32155,
  path: 'upload\\acccb88b1e8803bbcf1bfde2d0e22aa7',
  lastModifiedDate: Fri Mar 08 2013 11:27:05 GMT+0800 (中国标准时间),
  name: '加班表.jpg',
  hash: false }	20{ filename: [Getter],
  _writeStream: 
   { mode: 438,
     writable: false,
     flags: 'w',
     domain: null,
     _maxListeners: 10,
     fd: 3,
     _queue: [ [length]: 0 ],
     encoding: 'binary',
     _events: null,
     path: 'upload\\49f7e034527fbc795fc36dc7bc094e99',
     busy: false,
     bytesWritten: 35072,
     drainable: true,
     _open: 
      { [Function]
        [arguments]: null,
        [caller]: null,
        [length]: 4,
        [name]: '',
        [prototype]: { [constructor]: [Circular] } } },
  mime: [Getter],
  type: 'application/octet-stream',
  domain: null,
  _maxListeners: 10,
  _events: null,
  length: [Getter],
  size: 35072,
  path: 'upload\\49f7e034527fbc795fc36dc7bc094e99',
  lastModifiedDate: Fri Mar 08 2013 11:27:45 GMT+0800 (中国标准时间),
  name: '460 (11).jpg',
  hash: false }	2013-02-{ filename: [Getter],
  _writeStream: 
   { mode: 438,
     writable: false,
     flags: 'w',
     domain: null,
     _maxListeners: 10,
     fd: 3,
     _queue: [ [length]: 0 ],
     encoding: 'binary',
     _events: null,
     path: 'upload\\8f2feb661296fd078f74b250ed6144b6',
     busy: false,
     bytesWritten: 32155,
     drainable: true,
     _open: 
      { [Function]
        [arguments]: null,
        [caller]: null,
        [length]: 4,
        [name]: '',
        [prototype]: { [constructor]: [Circular] } } },
  mime: [Getter],
  type: 'application/octet-stream',
  domain: null,
  _maxListeners: 10,
  _events: null,
  length: [Getter],
  size: 32155,
  path: 'upload\\8f2feb661296fd078f74b250ed6144b6',
  lastModifiedDate: Fri Mar 08 2013 11:28:03 GMT+0800 (中国标准时间),
  name: '加班表.jpg',
  hash: false }	20{ filename: [Getter],
  _writeStream: 
   { mode: 438,
     writable: false,
     flags: 'w',
     domain: null,
     _maxListeners: 10,
     fd: 3,
     _queue: [ [length]: 0 ],
     encoding: 'binary',
     _events: null,
     path: 'upload\\10afbb372a131f8a404b934c7a51ecb5',
     busy: false,
     bytesWritten: 32155,
     drainable: true,
     _open: 
      { [Function]
        [arguments]: null,
        [caller]: null,
        [length]: 4,
        [name]: '',
        [prototype]: { [constructor]: [Circular] } } },
  mime: [Getter],
  type: 'application/octet-stream',
  domain: null,
  _maxListeners: 10,
  _events: null,
  length: [Getter],
  size: 32155,
  path: 'upload\\10afbb372a131f8a404b934c7a51ecb5',
  lastModifiedDate: Fri Mar 08 2013 11:28:13 GMT+0800 (中国标准时间),
  name: '加班表.jpg',
  hash: false }	20{ filename: [Getter],
  _writeStream: 
   { mode: 438,
     writable: false,
     flags: 'w',
     domain: null,
     _maxListeners: 10,
     fd: 3,
     _queue: [ [length]: 0 ],
     encoding: 'binary',
     _events: null,
     path: 'upload\\230db00a87e31988266fd97ee2dff3e5',
     busy: false,
     bytesWritten: 32155,
     drainable: true,
     _open: 
      { [Function]
        [arguments]: null,
        [caller]: null,
        [length]: 4,
        [name]: '',
        [prototype]: { [constructor]: [Circular] } } },
  mime: [Getter],
  type: 'application/octet-stream',
  domain: null,
  _maxListeners: 10,
  _events: null,
  length: [Getter],
  size: 32155,
  path: 'upload\\230db00a87e31988266fd97ee2dff3e5',
  lastModifiedDate: Fri Mar 08 2013 11:28:33 GMT+0800 (中国标准时间),
  name: '加班表.jpg',
  hash: false }	20''	2013-02-17 01:23:18
{ size: 32155,
  name: '加班表.jpg',
  hash: false,
  path: 'upload\\fa48341d4a455cdff97e73a8e23893b1',
  _maxListeners: 10,
  lastModifiedDate: Fri Mar 08 2013 17:25:15 GMT+0800 (中国标准时间),
  _events: null,
  filename: [Getter],
  length: [Getter],
  _writeStream: 
   { fd: 3,
     flags: 'w',
     path: 'upload\\fa48341d4a455cdff97e73a8e23893b1',
     _maxListeners: 10,
     encoding: 'binary',
     _events: null,
     _queue: [ [length]: 0 ],
     _open: 
      { [Function]
        [name]: '',
        [arguments]: null,
        [length]: 4,
        [prototype]: { [constructor]: [Circular] },
        [caller]: null },
     mode: 438,
     drainable: true,
     writable: false,
     domain: null,
     bytesWritten: 32155,
     busy: false },
  mime: [Getter],
  domain: null,
  type: 'application/octet-stream' }	20{ size: 32155,
  name: '加班表.jpg',
  hash: false,
  path: 'upload\\905f7398d0551cf8ac23e3f4218f0c05',
  _maxListeners: 10,
  lastModifiedDate: Fri Mar 08 2013 17:25:21 GMT+0800 (中国标准时间),
  _events: null,
  filename: [Getter],
  length: [Getter],
  _writeStream: 
   { fd: 3,
     flags: 'w',
     path: 'upload\\905f7398d0551cf8ac23e3f4218f0c05',
     _maxListeners: 10,
     encoding: 'binary',
     _events: null,
     _queue: [ [length]: 0 ],
     _open: 
      { [Function]
        [name]: '',
        [arguments]: null,
        [length]: 4,
        [prototype]: { [constructor]: [Circular] },
        [caller]: null },
     mode: 438,
     drainable: true,
     writable: false,
     domain: null,
     bytesWritten: 32155,
     busy: false },
  mime: [Getter],
  domain: null,
  type: 'application/octet-stream' }	20{ size: 35072,
  name: '460 (11).jpg',
  hash: false,
  path: 'upload\\710b5c0abf9094a162926cbdb331c14d',
  _maxListeners: 10,
  lastModifiedDate: Fri Mar 08 2013 17:25:28 GMT+0800 (中国标准时间),
  _events: null,
  filename: [Getter],
  length: [Getter],
  _writeStream: 
   { fd: 3,
     flags: 'w',
     path: 'upload\\710b5c0abf9094a162926cbdb331c14d',
     _maxListeners: 10,
     encoding: 'binary',
     _events: null,
     _queue: [ [length]: 0 ],
     _open: 
      { [Function]
        [name]: '',
        [arguments]: null,
        [length]: 4,
        [prototype]: { [constructor]: [Circular] },
        [caller]: null },
     mode: 438,
     drainable: true,
     writable: false,
     domain: null,
     bytesWritten: 35072,
     busy: false },
  mime: [Getter],
  domain: null,
  type: 'application/octet-stream' }	2013-02-{ _maxListeners: 10,
  _writeStream: 
   { _maxListeners: 10,
     domain: null,
     mode: 438,
     _queue: [ [length]: 0 ],
     drainable: true,
     encoding: 'binary',
     bytesWritten: 35072,
     fd: 3,
     _open: 
      { [Function]
        [arguments]: null,
        [length]: 4,
        [prototype]: { [constructor]: [Circular] },
        [name]: '',
        [caller]: null },
     writable: false,
     flags: 'w',
     busy: false,
     path: 'upload\\cd2b0d2ff45ea3aa9551c8b212e1a435',
     _events: null },
  length: [Getter],
  domain: null,
  lastModifiedDate: Fri Mar 08 2013 17:26:44 GMT+0800 (中国标准时间),
  filename: [Getter],
  type: 'application/octet-stream',
  hash: false,
  size: 35072,
  name: '460 (11).jpg',
  mime: [Getter],
  path: 'upload\\cd2b0d2ff45ea3aa9551c8b212e1a435',
  _events: null }	2013-02-'/images/upload/a3410169895622330jHZxVWD.jpg'	2013-02-17 01:27:54
'1.lanlog.duapp.com/remote_thumb.php'	2013-02-17 01:33:46
{ path: '/remote_thumb.php?u=http://laner.ap01.aws.af.cm/images/upload/a341016999782183wJxbICQ9undefined&size=48&w=190&h=190&x=56&y=0',
  port: 80,
  host: '1.lanlog.duapp.com',
  method: 'GET' }	2013-02-17 01:33:46
'STATUS: 500'	2013-02-17 01:33:48
'HEADERS: {"content-type":"text/html","date":"Fri, 08 Mar 2013 09:33:48 GMT","server":"BWS/1.0","content-length":"0"}'	2013-02-17 01:33:48
'1.lanlog.duapp.com/remote_thumb.php'	2013-02-17 01:34:33
{ port: 80,
  host: '1.lanlog.duapp.com',
  method: 'GET',
  path: '/remote_thumb.php?u=http://laner.ap01.aws.af.cm/images/upload/a341017000096361IdyrORR.jpg&size=48&w=190&h=190&x=56&y=0' }	2013-02-17 01:34:33
'STATUS: 500'	2013-02-17 01:34:34
'HEADERS: {"content-type":"text/html","date":"Fri, 08 Mar 2013 09:34:34 GMT","server":"BWS/1.0","content-length":"0"}'	2013-02-17 01:34:34
'1.lanlog.duapp.com/remote_thumb.php'	2013-02-17 01:35:04
{ port: 80,
  host: '1.lanlog.duapp.com',
  method: 'GET',
  path: '/remote_thumb.php?u=http://laner.ap01.aws.af.cm/images/upload/a341017000691063ppnwWrMi.jpg&size=48&w=190&h=190&x=56&y=0' }	2013-02-17 01:35:04
'problem with request: connect ETIMEDOUT'	2013-02-17 01:35:25
'1.lanlog.duapp.com/remote_thumb.php'	2013-02-17 01:37:04
{ port: 80,
  host: '1.lanlog.duapp.com',
  method: 'GET',
  path: '/remote_thumb.php?u=http://laner.ap01.aws.af.cm/images/upload/a341017001870728H2m4kzo4.jpg&size=48&w=190&h=190&x=56&y=0' }	2013-02-17 01:37:04
'STATUS: 500'	2013-02-17 01:37:06
'HEADERS: {"content-type":"text/html","date":"Fri, 08 Mar 2013 09:37:06 GMT","server":"BWS/1.0","content-length":"0"}'	2013-02-17 01:37:06
'1.lanlog.duapp.com/remote_thumb.php'	2013-02-17 01:47:06
{ path: '/remote_thumb.php?u=http://laner.ap01.aws.af.cm/images/upload/a341017014462537jYPkyAwG.jpg&size=48&w=190&h=190&x=56&y=0',
  method: 'GET',
  port: 80,
  host: '1.lanlog.duapp.com' }	2013-02-17 01:47:06
'STATUS: 500'	2013-02-17 01:47:13
'HEADERS: {"content-type":"text/html","date":"Fri, 08 Mar 2013 09:47:13 GMT","server":"BWS/1.0","content-length":"0"}'	2013-02-17 01:47:13
'192.168.211.91/dx/remote_thumb.php'	2013-02-17 01:48:42
{ host: '192.168.211.91',
  path: '/dx/remote_thumb.php?u=http://192.168.211.91:3000/images/upload/a341017015493652Srbm2mHx.jpg&size=48&w=190&h=190&x=56&y=0',
  port: 80,
  method: 'GET' }	2013-02-17 01:48:42
'problem with request: connect ETIMEDOUT'	2013-02-17 01:49:03
'192.168.211.157/dx/remote_thumb.php'	2013-02-17 01:49:30
{ path: '/dx/remote_thumb.php?u=http://192.168.211.157:3000/images/upload/a341017015813136HkjKelqo.jpg&size=48&w=190&h=190&x=56&y=0',
  host: '192.168.211.157',
  method: 'GET',
  port: 80 }	2013-02-17 01:49:30
'STATUS: 200'	2013-02-17 01:49:30
'HEADERS: {"date":"Fri, 08 Mar 2013 09:49:30 GMT","server":"Apache/2.2.16 (Win32) mod_wsgi/3.3 Python/2.6.5 PHP/5.3.3","x-powered-by":"PHP/5.3.3","content-length":"4408","keep-alive":"timeout=5, max=100","connection":"Keep-Alive","content-type":"text/html"}'	2013-02-17 01:49:30
'192.168.211.157/dx/remote_thumb.php'	2013-02-17 01:49:40
{ path: '/dx/remote_thumb.php?u=http://192.168.211.157:3000/images/upload/a341017015878727h3msN0bZ.jpg&size=48&w=190&h=190&x=131&y=31',
  host: '192.168.211.157',
  method: 'GET',
  port: 80 }	2013-02-17 01:49:40
'STATUS: 200'	2013-02-17 01:49:40
'HEADERS: {"date":"Fri, 08 Mar 2013 09:49:40 GMT","server":"Apache/2.2.16 (Win32) mod_wsgi/3.3 Python/2.6.5 PHP/5.3.3","x-powered-by":"PHP/5.3.3","content-length":"3600","keep-alive":"timeout=5, max=100","connection":"Keep-Alive","content-type":"text/html"}'	2013-02-17 01:49:40
'192.168.211.157/dx/remote_thumb.php'	2013-02-17 01:49:43
{ path: '/dx/remote_thumb.php?u=http://192.168.211.157:3000/images/upload/a3410170158907598iV8od8n.jpg&size=48&w=190&h=190&x=18&y=103',
  host: '192.168.211.157',
  method: 'GET',
  port: 80 }	2013-02-17 01:49:43
'STATUS: 200'	2013-02-17 01:49:43
'HEADERS: {"date":"Fri, 08 Mar 2013 09:49:43 GMT","server":"Apache/2.2.16 (Win32) mod_wsgi/3.3 Python/2.6.5 PHP/5.3.3","x-powered-by":"PHP/5.3.3","content-length":"4460","keep-alive":"timeout=5, max=100","connection":"Keep-Alive","content-type":"text/html"}'	2013-02-17 01:49:43
'192.168.211.157/dx/remote_thumb.php'	2013-02-17 01:49:46
{ path: '/dx/remote_thumb.php?u=http://192.168.211.157:3000/images/upload/a341017015903893OWGXskf7.jpg&size=48&w=190&h=190&x=152&y=108',
  host: '192.168.211.157',
  method: 'GET',
  port: 80 }	2013-02-17 01:49:46
'STATUS: 200'	2013-02-17 01:49:46
'HEADERS: {"date":"Fri, 08 Mar 2013 09:49:46 GMT","server":"Apache/2.2.16 (Win32) mod_wsgi/3.3 Python/2.6.5 PHP/5.3.3","x-powered-by":"PHP/5.3.3","content-length":"2740","keep-alive":"timeout=5, max=100","connection":"Keep-Alive","content-type":"text/html"}'	2013-02-17 01:49:46
'192.168.211.157/dx/remote_thumb.php'	2013-02-17 01:50:28
{ path: '/dx/remote_thumb.php?u=http://192.168.211.157:3000/images/upload/a341017016567361NXVMTx1d.jpg&size=48&w=190&h=137&x=101&y=0',
  host: '192.168.211.157',
  method: 'GET',
  port: 80 }	2013-02-17 01:50:28
'STATUS: 200'	2013-02-17 01:50:28
'HEADERS: {"date":"Fri, 08 Mar 2013 09:50:28 GMT","server":"Apache/2.2.16 (Win32) mod_wsgi/3.3 Python/2.6.5 PHP/5.3.3","x-powered-by":"PHP/5.3.3","content-length":"4112","keep-alive":"timeout=5, max=100","connection":"Keep-Alive","content-type":"text/html"}'	2013-02-17 01:50:28
'192.168.211.157/dx/remote_thumb.php'	2013-02-17 01:50:31
{ path: '/dx/remote_thumb.php?u=http://192.168.211.157:3000/images/upload/a341017016604256MEpPxMbK.jpg&size=48&w=190&h=137&x=101&y=0',
  host: '192.168.211.157',
  method: 'GET',
  port: 80 }	2013-02-17 01:50:31
'STATUS: 200'	2013-02-17 01:50:31
'HEADERS: {"date":"Fri, 08 Mar 2013 09:50:31 GMT","server":"Apache/2.2.16 (Win32) mod_wsgi/3.3 Python/2.6.5 PHP/5.3.3","x-powered-by":"PHP/5.3.3","content-length":"4112","keep-alive":"timeout=5, max=100","connection":"Keep-Alive","content-type":"text/html"}'	2013-02-17 01:50:31
'192.168.211.157/dx/remote_thumb.php'	2013-02-17 01:50:33
{ path: '/dx/remote_thumb.php?u=http://192.168.211.157:3000/images/upload/a341017016613203IfeqW8z9.jpg&size=48&w=190&h=137&x=169&y=0',
  host: '192.168.211.157',
  method: 'GET',
  port: 80 }	2013-02-17 01:50:33
'STATUS: 200'	2013-02-17 01:50:34
'HEADERS: {"date":"Fri, 08 Mar 2013 09:50:34 GMT","server":"Apache/2.2.16 (Win32) mod_wsgi/3.3 Python/2.6.5 PHP/5.3.3","x-powered-by":"PHP/5.3.3","content-length":"4172","keep-alive":"timeout=5, max=100","connection":"Keep-Alive","content-type":"text/html"}'	2013-02-17 01:50:34
'192.168.211.157/dx/remote_thumb.php'	2013-02-17 01:50:36
{ path: '/dx/remote_thumb.php?u=http://192.168.211.157:3000/images/upload/a341017016623106xIKKpa2y.jpg&size=48&w=190&h=137&x=0&y=0',
  host: '192.168.211.157',
  method: 'GET',
  port: 80 }	2013-02-17 01:50:36
'STATUS: 200'	2013-02-17 01:50:36
'HEADERS: {"date":"Fri, 08 Mar 2013 09:50:36 GMT","server":"Apache/2.2.16 (Win32) mod_wsgi/3.3 Python/2.6.5 PHP/5.3.3","x-powered-by":"PHP/5.3.3","content-length":"4132","keep-alive":"timeout=5, max=100","connection":"Keep-Alive","content-type":"text/html"}'	2013-02-17 01:50:36
'192.168.211.157/dx/remote_thumb.php'	2013-02-17 01:50:58
{ path: '/dx/remote_thumb.php?u=http://192.168.211.157:3000/images/upload/a341017016763238mgf42G5B.png&size=48&w=240&h=183&x=375&y=15',
  host: '192.168.211.157',
  method: 'GET',
  port: 80 }	2013-02-17 01:50:58
'STATUS: 200'	2013-02-17 01:50:59
'HEADERS: {"date":"Fri, 08 Mar 2013 09:50:58 GMT","server":"Apache/2.2.16 (Win32) mod_wsgi/3.3 Python/2.6.5 PHP/5.3.3","x-powered-by":"PHP/5.3.3","content-length":"6084","keep-alive":"timeout=5, max=100","connection":"Keep-Alive","content-type":"text/html"}'	2013-02-17 01:50:59
'192.168.211.157/dx/remote_thumb.php'	2013-02-17 01:52:00
{ path: '/dx/remote_thumb.php?u=http://192.168.211.157:3000/images/upload/a341017017581928UgmDLQs.jpg&size=48&w=190&h=190&x=25&y=0',
  host: '192.168.211.157',
  method: 'GET',
  port: 80 }	2013-02-17 01:52:00
'STATUS: 200'	2013-02-17 01:52:00
'HEADERS: {"date":"Fri, 08 Mar 2013 09:52:00 GMT","server":"Apache/2.2.16 (Win32) mod_wsgi/3.3 Python/2.6.5 PHP/5.3.3","x-powered-by":"PHP/5.3.3","content-length":"3500","keep-alive":"timeout=5, max=100","connection":"Keep-Alive","content-type":"text/html"}'	2013-02-17 01:52:00
'192.168.211.157/dx/remote_thumb.php'	2013-02-17 01:53:43
{ path: '/dx/remote_thumb.php?u=http://192.168.211.157:3000/images/upload/a3410170186424815TYjQof4.jpg&size=48&w=190&h=190&x=197&y=88',
  method: 'GET',
  port: 80,
  host: '192.168.211.157' }	2013-02-17 01:53:43
'STATUS: 200'	2013-02-17 01:53:43
'HEADERS: {"date":"Fri, 08 Mar 2013 09:53:43 GMT","server":"Apache/2.2.16 (Win32) mod_wsgi/3.3 Python/2.6.5 PHP/5.3.3","x-powered-by":"PHP/5.3.3","content-length":"4948","keep-alive":"timeout=5, max=100","connection":"Keep-Alive","content-type":"text/html"}'	2013-02-17 01:53:43
'Add diary post begin.'	2013-02-17 01:54:16
'192.168.211.157/dx/remote_thumb.php'	2013-02-17 01:58:52
{ path: '/dx/remote_thumb.php?u=http://192.168.211.157:3000/images/upload/a341017021849684p29Pju9g.jpg&size=48&w=130&h=128&x=0&y=0',
  method: 'GET',
  port: 80,
  host: '192.168.211.157' }	2013-02-17 01:58:52
'STATUS: 200'	2013-02-17 01:58:52
'HEADERS: {"date":"Fri, 08 Mar 2013 09:58:52 GMT","server":"Apache/2.2.16 (Win32) mod_wsgi/3.3 Python/2.6.5 PHP/5.3.3","x-powered-by":"PHP/5.3.3","content-length":"4160","keep-alive":"timeout=5, max=100","connection":"Keep-Alive","content-type":"text/html"}'	2013-02-17 01:58:52
'192.168.211.157/dx/remote_thumb.php'	2013-02-17 02:01:39
{ path: '/dx/remote_thumb.php?u=http://192.168.211.157:3000/images/upload/a341017023321200dJKhGaZx.jpg&size=48&w=190&h=190&x=30&y=7',
  method: 'GET',
  port: 80,
  host: '192.168.211.157' }	2013-02-17 02:01:39
'STATUS: 200'	2013-02-17 02:01:39
'HEADERS: {"date":"Fri, 08 Mar 2013 10:01:39 GMT","server":"Apache/2.2.16 (Win32) mod_wsgi/3.3 Python/2.6.5 PHP/5.3.3","x-powered-by":"PHP/5.3.3","content-length":"3556","keep-alive":"timeout=5, max=100","connection":"Keep-Alive","content-type":"text/html"}'	2013-02-17 02:01:39
'192.168.211.157/dx/remote_thumb.php'	2013-02-17 02:01:48
{ path: '/dx/remote_thumb.php?u=http://192.168.211.157:3000/images/upload/a341017023777047tQDbeAFL.jpg&size=48&w=190&h=190&x=20&y=140',
  method: 'GET',
  port: 80,
  host: '192.168.211.157' }	2013-02-17 02:01:48
'STATUS: 200'	2013-02-17 02:01:49
'HEADERS: {"date":"Fri, 08 Mar 2013 10:01:48 GMT","server":"Apache/2.2.16 (Win32) mod_wsgi/3.3 Python/2.6.5 PHP/5.3.3","x-powered-by":"PHP/5.3.3","content-length":"3496","keep-alive":"timeout=5, max=100","connection":"Keep-Alive","content-type":"text/html"}'	2013-02-17 02:01:49
''	2013-02-17 02:54:18
''	2013-02-17 02:54:47
''	2013-02-17 02:55:05
'192.168.211.157/dx/remote_thumb.php'	2013-02-17 02:55:53
{ path: '/dx/remote_thumb.php?u=http://192.168.211.157:3000/images/upload/a3410171834673779DYLwn3K.jpg&size=48&w=190&h=190&x=0&y=50',
  method: 'GET',
  port: 80,
  host: '192.168.211.157' }	2013-02-17 02:55:53
'STATUS: 200'	2013-02-17 02:55:53
'HEADERS: {"date":"Fri, 08 Mar 2013 10:55:53 GMT","server":"Apache/2.2.16 (Win32) mod_wsgi/3.3 Python/2.6.5 PHP/5.3.3","x-powered-by":"PHP/5.3.3","content-length":"4280","keep-alive":"timeout=5, max=100","connection":"Keep-Alive","content-type":"text/html"}'	2013-02-17 02:55:53
